E:\C++\COMPLETESTLVIEWERSHADER\DEBUG\MOC_WINDOW.OBJ
E:\C++\COMPLETESTLVIEWERSHADER\DEBUG\MOC_GLWIDGET.OBJ
E:\C++\COMPLETESTLVIEWERSHADER\DEBUG\MAIN.OBJ
E:\C++\COMPLETESTLVIEWERSHADER\DEBUG\WINDOW.OBJ
E:\C++\COMPLETESTLVIEWERSHADER\DEBUG\SHADERCODE.OBJ
E:\C++\COMPLETESTLVIEWERSHADER\DEBUG\GEOMETRY.OBJ
E:\C++\COMPLETESTLVIEWERSHADER\DEBUG\GLWIDGET.OBJ
E:\C++\COMPLETESTLVIEWERSHADER\DEBUG\CAMERA.OBJ
E:\C++\COMPLETESTLVIEWERSHADER\VC100.PDB
E:\C++\COMPLETESTLVIEWERSHADER\VC110.PDB
E:\C++\COMPLETESTLVIEWERSHADER\GENERATEDFILES\DEBUG\MOC_GLWIDGET.CPP
E:\C++\COMPLETESTLVIEWERSHADER\GENERATEDFILES\DEBUG\MOC_WINDOW.CPP
E:\C++\COMPLETESTLVIEWERSHADER\DEBUG\STLVIEWER.ILK
E:\C++\COMPLETESTLVIEWERSHADER\DEBUG\STLVIEWER.EXE
E:\C++\COMPLETESTLVIEWERSHADER\DEBUG\STLVIEWER.PDB
E:\C++\COMPLETESTLVIEWERSHADER\DEBUG\STLVIEWER.EXE.INTERMEDIATE.MANIFEST
E:\C++\CompleteStlViewerShader\debug\Camera.obj
E:\C++\CompleteStlViewerShader\debug\Geometry.obj
E:\C++\CompleteStlViewerShader\debug\GLWidget.obj
E:\C++\CompleteStlViewerShader\debug\main.obj
E:\C++\CompleteStlViewerShader\debug\moc_GLWidget.obj
E:\C++\CompleteStlViewerShader\debug\moc_Window.obj
E:\C++\CompleteStlViewerShader\debug\ShaderCode.obj
E:\C++\CompleteStlViewerShader\debug\Window.obj
E:\C++\CompleteStlViewerShader\debug\stlviewer.ilk
E:\C++\CompleteStlViewerShader\debug\cl.command.1.tlog
E:\C++\CompleteStlViewerShader\debug\CL.read.1.tlog
E:\C++\CompleteStlViewerShader\debug\CL.write.1.tlog
E:\C++\CompleteStlViewerShader\debug\custombuild.command.1.tlog
E:\C++\CompleteStlViewerShader\debug\custombuild.read.1.tlog
E:\C++\CompleteStlViewerShader\debug\custombuild.write.1.tlog
E:\C++\CompleteStlViewerShader\debug\link-cvtres.read.1.tlog
E:\C++\CompleteStlViewerShader\debug\link-cvtres.write.1.tlog
E:\C++\CompleteStlViewerShader\debug\link-rc.read.1.tlog
E:\C++\CompleteStlViewerShader\debug\link-rc.write.1.tlog
E:\C++\CompleteStlViewerShader\debug\link.command.1.tlog
E:\C++\CompleteStlViewerShader\debug\link.read.1.tlog
E:\C++\CompleteStlViewerShader\debug\link.write.1.tlog
E:\C++\CompleteStlViewerShader\debug\mt.command.1.tlog
E:\C++\CompleteStlViewerShader\debug\mt.read.1.tlog
E:\C++\CompleteStlViewerShader\debug\mt.write.1.tlog
E:\C++\CompleteStlViewerShader\debug\stlviewer.exe.intermediate.manifest
E:\C++\CompleteStlViewerShader\debug\stlviewer.pdb
E:\C++\CompleteStlViewerShader\debug\stlviewer.exe
